Configured for development.
    => address: 127.0.0.1
    => port: 80
    => log: normal
    => workers: 2
    => secret key: generated
    => limits: forms = 32KiB
    => tls: disabled
    => [extra] database_url: "postgresql://aardwolf:So1lentGr33n!@127.0.0.1:5432/aardwolf"
Mounting '/auth':
    => GET /auth/sign_up
    => GET /auth/sign_up?<error>
    => GET /auth/sign_in
    => GET /auth/sign_in?<error>
    => POST /auth/sign_up
    => POST /auth/sign_in
    => GET /auth/confirmation?<token>
    => POST /auth/sign_out
Mounting '/personas':
    => GET /personas/new
    => POST /personas/create
    => GET /personas/delete/<delete_persona>
    => GET /personas/switch/<switch_persona>
Mounting '/api/v1':
    => POST /api/v1/apps
Mounting '/':
    => GET /
    => GET / [2]
    => GET /web/<file..>
    => GET /emoji/<file..>
    => GET /themes/<file..>
Error: FATAL:  password authentication failed for user "aardwolf"
FATAL:  password authentication failed for user "aardwolf"

Error: FATAL:  password authentication failed for user "aardwolf"
FATAL:  password authentication failed for user "aardwolf"

Error: FATAL:  password authentication failed for user "aardwolf"
FATAL:  password authentication failed for user "aardwolf"

Error: FATAL:  password authentication failed for user "aardwolf"
FATAL:  password authentication failed for user "aardwolf"

Error: FATAL:  password authentication failed for user "aardwolf"
FATAL:  password authentication failed for user "aardwolf"

Error: FATAL:  password authentication failed for user "aardwolf"
FATAL:  password authentication failed for user "aardwolf"

Error: FATAL:  password authentication failed for user "aardwolf"
FATAL:  password authentication failed for user "aardwolf"

Error: FATAL:  password authentication failed for user "aardwolf"
FATAL:  password authentication failed for user "aardwolf"

Error: FATAL:  password authentication failed for user "aardwolf"
FATAL:  password authentication failed for user "aardwolf"

Error: FATAL:  password authentication failed for user "aardwolf"
FATAL:  password authentication failed for user "aardwolf"

Error: FATAL:  password authentication failed for user "aardwolf"
FATAL:  password authentication failed for user "aardwolf"

Error: FATAL:  password authentication failed for user "aardwolf"
FATAL:  password authentication failed for user "aardwolf"

Error: FATAL:  password authentication failed for user "aardwolf"
FATAL:  password authentication failed for user "aardwolf"

Error: FATAL:  password authentication failed for user "aardwolf"
FATAL:  password authentication failed for user "aardwolf"

Error: FATAL:  password authentication failed for user "aardwolf"
FATAL:  password authentication failed for user "aardwolf"

Error: FATAL:  password authentication failed for user "aardwolf"
FATAL:  password authentication failed for user "aardwolf"

Error: FATAL:  password authentication failed for user "aardwolf"
FATAL:  password authentication failed for user "aardwolf"

Error: FATAL:  password authentication failed for user "aardwolf"
FATAL:  password authentication failed for user "aardwolf"

Error: FATAL:  password authentication failed for user "aardwolf"
FATAL:  password authentication failed for user "aardwolf"

Error: FATAL:  password authentication failed for user "aardwolf"
FATAL:  password authentication failed for user "aardwolf"

Error: FATAL:  password authentication failed for user "aardwolf"
FATAL:  password authentication failed for user "aardwolf"

Error: FATAL:  password authentication failed for user "aardwolf"
FATAL:  password authentication failed for user "aardwolf"

Error: FATAL:  password authentication failed for user "aardwolf"
FATAL:  password authentication failed for user "aardwolf"

Error: FATAL:  password authentication failed for user "aardwolf"
FATAL:  password authentication failed for user "aardwolf"

Error: FATAL:  password authentication failed for user "aardwolf"
FATAL:  password authentication failed for user "aardwolf"

Error: FATAL:  password authentication failed for user "aardwolf"
FATAL:  password authentication failed for user "aardwolf"

Error: FATAL:  password authentication failed for user "aardwolf"
FATAL:  password authentication failed for user "aardwolf"

Error: FATAL:  password authentication failed for user "aardwolf"
FATAL:  password authentication failed for user "aardwolf"

Error: FATAL:  password authentication failed for user "aardwolf"
FATAL:  password authentication failed for user "aardwolf"

Error: FATAL:  password authentication failed for user "aardwolf"
FATAL:  password authentication failed for user "aardwolf"

Error: FATAL:  password authentication failed for user "aardwolf"
FATAL:  password authentication failed for user "aardwolf"

Error: FATAL:  password authentication failed for user "aardwolf"
FATAL:  password authentication failed for user "aardwolf"

Error: FATAL:  password authentication failed for user "aardwolf"
FATAL:  password authentication failed for user "aardwolf"

Error: FATAL:  password authentication failed for user "aardwolf"
FATAL:  password authentication failed for user "aardwolf"

Error: FATAL:  password authentication failed for user "aardwolf"
FATAL:  password authentication failed for user "aardwolf"

Error: FATAL:  password authentication failed for user "aardwolf"
FATAL:  password authentication failed for user "aardwolf"

Error: FATAL:  password authentication failed for user "aardwolf"
FATAL:  password authentication failed for user "aardwolf"

Error: FATAL:  password authentication failed for user "aardwolf"
FATAL:  password authentication failed for user "aardwolf"

Error: FATAL:  password authentication failed for user "aardwolf"
FATAL:  password authentication failed for user "aardwolf"

Error: FATAL:  password authentication failed for user "aardwolf"
FATAL:  password authentication failed for user "aardwolf"

Error: FATAL:  password authentication failed for user "aardwolf"
FATAL:  password authentication failed for user "aardwolf"

Error: FATAL:  password authentication failed for user "aardwolf"
FATAL:  password authentication failed for user "aardwolf"

Error: FATAL:  password authentication failed for user "aardwolf"
FATAL:  password authentication failed for user "aardwolf"

Error: FATAL:  password authentication failed for user "aardwolf"
FATAL:  password authentication failed for user "aardwolf"

Error: FATAL:  password authentication failed for user "aardwolf"
FATAL:  password authentication failed for user "aardwolf"

Error: FATAL:  password authentication failed for user "aardwolf"
FATAL:  password authentication failed for user "aardwolf"

Error: FATAL:  password authentication failed for user "aardwolf"
FATAL:  password authentication failed for user "aardwolf"

Error: FATAL:  password authentication failed for user "aardwolf"
FATAL:  password authentication failed for user "aardwolf"

Error: FATAL:  password authentication failed for user "aardwolf"
FATAL:  password authentication failed for user "aardwolf"

Error: FATAL:  password authentication failed for user "aardwolf"
FATAL:  password authentication failed for user "aardwolf"

Error: FATAL:  password authentication failed for user "aardwolf"
FATAL:  password authentication failed for user "aardwolf"

Error: FATAL:  password authentication failed for user "aardwolf"
FATAL:  password authentication failed for user "aardwolf"

Error: FATAL:  password authentication failed for user "aardwolf"
FATAL:  password authentication failed for user "aardwolf"

Error: FATAL:  password authentication failed for user "aardwolf"
FATAL:  password authentication failed for user "aardwolf"

Error: FATAL:  password authentication failed for user "aardwolf"
FATAL:  password authentication failed for user "aardwolf"

Error: FATAL:  password authentication failed for user "aardwolf"
FATAL:  password authentication failed for user "aardwolf"

Error: FATAL:  password authentication failed for user "aardwolf"
FATAL:  password authentication failed for user "aardwolf"

Error: FATAL:  password authentication failed for user "aardwolf"
FATAL:  password authentication failed for user "aardwolf"

Error: FATAL:  password authentication failed for user "aardwolf"
FATAL:  password authentication failed for user "aardwolf"

Error: FATAL:  password authentication failed for user "aardwolf"
FATAL:  password authentication failed for user "aardwolf"

Error: FATAL:  password authentication failed for user "aardwolf"
FATAL:  password authentication failed for user "aardwolf"

Error: FATAL:  password authentication failed for user "aardwolf"
FATAL:  password authentication failed for user "aardwolf"

Error: FATAL:  password authentication failed for user "aardwolf"
FATAL:  password authentication failed for user "aardwolf"

Error: FATAL:  password authentication failed for user "aardwolf"
FATAL:  password authentication failed for user "aardwolf"

Error: FATAL:  password authentication failed for user "aardwolf"
FATAL:  password authentication failed for user "aardwolf"

Error: FATAL:  password authentication failed for user "aardwolf"
FATAL:  password authentication failed for user "aardwolf"

Error: FATAL:  password authentication failed for user "aardwolf"
FATAL:  password authentication failed for user "aardwolf"

Error: FATAL:  password authentication failed for user "aardwolf"
FATAL:  password authentication failed for user "aardwolf"

Error: FATAL:  password authentication failed for user "aardwolf"
FATAL:  password authentication failed for user "aardwolf"

Error: FATAL:  password authentication failed for user "aardwolf"
FATAL:  password authentication failed for user "aardwolf"

