aardwolf v0.1.0 (file:///home/quixote/gits/aardwolf)
├── aardwolf-models v0.1.0 (file:///home/quixote/gits/aardwolf/aardwolf-models)
│   ├── bcrypt v0.2.0
│   │   ├── base64 v0.9.3
│   │   │   ├── byteorder v1.2.6
│   │   │   └── safemem v0.3.0
│   │   ├── blowfish v0.3.0
│   │   │   ├── block-cipher-trait v0.5.3
│   │   │   │   └── generic-array v0.9.0
│   │   │   │       └── typenum v1.10.0
│   │   │   ├── byte-tools v0.2.0
│   │   │   └── opaque-debug v0.1.1
│   │   │   [dev-dependencies]
│   │   │   └── block-cipher-trait v0.5.3 (*)
│   │   ├── byte-tools v0.2.0 (*)
│   │   ├── lazy_static v1.1.0
│   │   │   [build-dependencies]
│   │   │   └── version_check v0.1.5
│   │   └── rand v0.4.3
│   │       └── libc v0.2.43
│   ├── chrono v0.4.6
│   │   ├── num-integer v0.1.39
│   │   │   └── num-traits v0.2.6
│   │   ├── num-traits v0.2.6 (*)
│   │   ├── serde v1.0.79
│   │   └── time v0.1.40
│   │       └── libc v0.2.43 (*)
│   │       [dev-dependencies]
│   │       └── winapi v0.3.6
│   ├── chrono-tz v0.4.1
│   │   └── chrono v0.4.6 (*)
│   │   [build-dependencies]
│   │   └── parse-zoneinfo v0.1.1
│   │       └── regex v0.2.11
│   │           ├── aho-corasick v0.6.8
│   │           │   └── memchr v2.1.0
│   │           │       ├── cfg-if v0.1.5
│   │           │       └── libc v0.2.43 (*)
│   │           │       [build-dependencies]
│   │           │       └── version_check v0.1.5 (*)
│   │           ├── memchr v2.1.0 (*)
│   │           ├── regex-syntax v0.5.6
│   │           │   └── ucd-util v0.1.1
│   │           ├── thread_local v0.3.6
│   │           │   └── lazy_static v1.1.0 (*)
│   │           └── utf8-ranges v1.0.1
│   ├── diesel v1.3.3
│   │   ├── bitflags v1.0.4
│   │   ├── byteorder v1.2.6 (*)
│   │   ├── chrono v0.4.6 (*)
│   │   ├── diesel_derives v1.3.0
│   │   │   ├── proc-macro2 v0.3.8
│   │   │   │   └── unicode-xid v0.1.0
│   │   │   ├── quote v0.5.2
│   │   │   │   └── proc-macro2 v0.3.8 (*)
│   │   │   └── syn v0.13.11
│   │   │       ├── proc-macro2 v0.3.8 (*)
│   │   │       ├── quote v0.5.2 (*)
│   │   │       └── unicode-xid v0.1.0 (*)
│   │   ├── pq-sys v0.4.6
│   │   ├── serde_json v1.0.32
│   │   │   ├── itoa v0.4.3
│   │   │   ├── ryu v0.2.6
│   │   │   └── serde v1.0.79 (*)
│   │   └── uuid v0.6.5
│   │       ├── cfg-if v0.1.5 (*)
│   │       └── rand v0.4.3 (*)
│   ├── failure v0.1.2
│   │   ├── backtrace v0.3.9
│   │   │   ├── backtrace-sys v0.1.24
│   │   │   │   └── libc v0.2.43 (*)
│   │   │   │   [build-dependencies]
│   │   │   │   └── cc v1.0.25
│   │   │   ├── cfg-if v0.1.5 (*)
│   │   │   ├── libc v0.2.43 (*)
│   │   │   └── rustc-demangle v0.1.9
│   │   └── failure_derive v0.1.2
│   │       ├── proc-macro2 v0.4.20
│   │       │   └── unicode-xid v0.1.0 (*)
│   │       ├── quote v0.6.8
│   │       │   └── proc-macro2 v0.4.20 (*)
│   │       ├── syn v0.14.9
│   │       │   ├── proc-macro2 v0.4.20 (*)
│   │       │   ├── quote v0.6.8 (*)
│   │       │   └── unicode-xid v0.1.0 (*)
│   │       └── synstructure v0.9.0
│   │           ├── proc-macro2 v0.4.20 (*)
│   │           ├── quote v0.6.8 (*)
│   │           ├── syn v0.14.9 (*)
│   │           └── unicode-xid v0.1.0 (*)
│   ├── log v0.4.5
│   │   └── cfg-if v0.1.5 (*)
│   ├── mime v0.3.9
│   │   └── unicase v2.2.0
│   │       [build-dependencies]
│   │       └── version_check v0.1.5 (*)
│   ├── rand v0.5.5
│   │   ├── libc v0.2.43 (*)
│   │   └── rand_core v0.2.2
│   │       └── rand_core v0.3.0
│   ├── rocket v0.3.17
│   │   ├── base64 v0.9.3 (*)
│   │   ├── cookie v0.9.2
│   │   │   ├── base64 v0.6.0
│   │   │   │   ├── byteorder v1.2.6 (*)
│   │   │   │   └── safemem v0.2.0
│   │   │   ├── ring v0.11.0
│   │   │   │   ├── lazy_static v0.2.11
│   │   │   │   ├── libc v0.2.43 (*)
│   │   │   │   └── untrusted v0.5.1
│   │   │   │   [build-dependencies]
│   │   │   │   ├── gcc v0.3.55
│   │   │   │   └── rayon v0.7.1
│   │   │   │       └── rayon-core v1.4.1
│   │   │   │           ├── crossbeam-deque v0.2.0
│   │   │   │           │   ├── crossbeam-epoch v0.3.1
│   │   │   │           │   │   ├── arrayvec v0.4.7
│   │   │   │           │   │   │   └── nodrop v0.1.12
│   │   │   │           │   │   ├── cfg-if v0.1.5 (*)
│   │   │   │           │   │   ├── crossbeam-utils v0.2.2
│   │   │   │           │   │   │   └── cfg-if v0.1.5 (*)
│   │   │   │           │   │   ├── lazy_static v1.1.0 (*)
│   │   │   │           │   │   ├── memoffset v0.2.1
│   │   │   │           │   │   ├── nodrop v0.1.12 (*)
│   │   │   │           │   │   └── scopeguard v0.3.3
│   │   │   │           │   └── crossbeam-utils v0.2.2 (*)
│   │   │   │           ├── lazy_static v1.1.0 (*)
│   │   │   │           ├── libc v0.2.43 (*)
│   │   │   │           └── num_cpus v1.8.0
│   │   │   │               └── libc v0.2.43 (*)
│   │   │   ├── time v0.1.40 (*)
│   │   │   └── url v1.7.1
│   │   │       ├── idna v0.1.5
│   │   │       │   ├── matches v0.1.8
│   │   │       │   ├── unicode-bidi v0.3.4
│   │   │       │   │   └── matches v0.1.8 (*)
│   │   │       │   └── unicode-normalization v0.1.7
│   │   │       ├── matches v0.1.8 (*)
│   │   │       └── percent-encoding v1.0.1
│   │   ├── hyper v0.10.13
│   │   │   ├── base64 v0.6.0 (*)
│   │   │   ├── httparse v1.3.3
│   │   │   ├── language-tags v0.2.2
│   │   │   ├── log v0.3.9
│   │   │   │   └── log v0.4.5 (*)
│   │   │   ├── mime v0.2.6
│   │   │   │   └── log v0.3.9 (*)
│   │   │   ├── num_cpus v1.8.0 (*)
│   │   │   ├── time v0.1.40 (*)
│   │   │   ├── traitobject v0.1.0
│   │   │   ├── typeable v0.1.2
│   │   │   ├── unicase v1.4.2
│   │   │   │   [build-dependencies]
│   │   │   │   └── version_check v0.1.5 (*)
│   │   │   └── url v1.7.1 (*)
│   │   ├── isatty v0.1.9
│   │   │   ├── cfg-if v0.1.5 (*)
│   │   │   └── libc v0.2.43 (*)
│   │   ├── log v0.3.9 (*)
│   │   ├── memchr v2.1.0 (*)
│   │   ├── num_cpus v1.8.0 (*)
│   │   ├── ordermap v0.2.13
│   │   ├── pear v0.0.20
│   │   ├── pear_codegen v0.0.20
│   │   │   [build-dependencies]
│   │   │   ├── version_check v0.1.5 (*)
│   │   │   └── yansi v0.4.0
│   │   ├── smallvec v0.6.5
│   │   │   └── unreachable v1.0.0
│   │   │       └── void v1.0.2
│   │   ├── state v0.4.1
│   │   ├── time v0.1.40 (*)
│   │   ├── toml v0.4.8
│   │   │   └── serde v1.0.79 (*)
│   │   ├── url v1.7.1 (*)
│   │   └── yansi v0.4.0 (*)
│   │   [build-dependencies]
│   │   ├── version_check v0.1.5 (*)
│   │   └── yansi v0.4.0 (*)
│   ├── serde v1.0.79 (*)
│   ├── serde_derive v1.0.79
│   │   ├── proc-macro2 v0.4.20 (*)
│   │   ├── quote v0.6.8 (*)
│   │   └── syn v0.15.9
│   │       ├── proc-macro2 v0.4.20 (*)
│   │       ├── quote v0.6.8 (*)
│   │       └── unicode-xid v0.1.0 (*)
│   ├── serde_json v1.0.32 (*)
│   └── url v1.7.1 (*)
├── bcrypt v0.2.0 (*)
├── bs58 v0.2.2
├── chrono v0.4.6 (*)
├── clap v2.32.0
│   ├── ansi_term v0.11.0
│   ├── atty v0.2.11
│   │   └── libc v0.2.43 (*)
│   ├── bitflags v1.0.4 (*)
│   ├── strsim v0.7.0
│   ├── textwrap v0.10.0
│   │   └── unicode-width v0.1.5
│   ├── unicode-width v0.1.5 (*)
│   ├── vec_map v0.8.1
│   └── yaml-rust v0.3.5
├── collection_macros v0.2.0
├── config v0.8.0
│   ├── lazy_static v1.1.0 (*)
│   ├── nom v3.2.1
│   │   └── memchr v1.0.2
│   │       └── libc v0.2.43 (*)
│   ├── serde v1.0.79 (*)
│   ├── serde-hjson v0.8.1
│   │   ├── lazy_static v0.2.11 (*)
│   │   ├── linked-hash-map v0.3.0
│   │   │   ├── serde v0.8.23
│   │   │   └── serde_test v0.8.23
│   │   │       └── serde v0.8.23 (*)
│   │   ├── num-traits v0.1.43
│   │   │   └── num-traits v0.2.6 (*)
│   │   ├── regex v0.1.80
│   │   │   ├── aho-corasick v0.5.3
│   │   │   │   └── memchr v0.1.11
│   │   │   │       └── libc v0.2.43 (*)
│   │   │   ├── memchr v0.1.11 (*)
│   │   │   ├── regex-syntax v0.3.9
│   │   │   ├── thread_local v0.2.7
│   │   │   │   └── thread-id v2.0.0
│   │   │   │       ├── kernel32-sys v0.2.2
│   │   │   │       │   └── winapi v0.2.8
│   │   │   │       │   [build-dependencies]
│   │   │   │       │   └── winapi-build v0.1.1
│   │   │   │       └── libc v0.2.43 (*)
│   │   │   └── utf8-ranges v0.1.3
│   │   └── serde v0.8.23 (*)
│   ├── serde_json v1.0.32 (*)
│   ├── toml v0.4.8 (*)
│   └── yaml-rust v0.4.2
│       └── linked-hash-map v0.5.1
├── derive_builder v0.5.1
│   ├── derive_builder_core v0.2.0
│   │   ├── quote v0.3.15
│   │   └── syn v0.11.11
│   │       ├── quote v0.3.15 (*)
│   │       ├── synom v0.11.3
│   │       │   └── unicode-xid v0.0.4
│   │       └── unicode-xid v0.0.4 (*)
│   ├── quote v0.3.15 (*)
│   └── syn v0.11.11 (*)
├── diesel v1.3.3 (*)
├── failure v0.1.2 (*)
├── log v0.4.5 (*)
├── r2d2 v0.8.2
│   ├── antidote v1.0.0
│   ├── log v0.4.5 (*)
│   └── scheduled-thread-pool v0.2.0
│       └── antidote v1.0.0 (*)
├── r2d2-diesel v1.0.0
│   ├── diesel v1.3.3 (*)
│   └── r2d2 v0.8.2 (*)
├── rocket v0.3.17 (*)
├── rocket_codegen v0.3.17
│   ├── log v0.3.9 (*)
│   └── rocket v0.3.17 (*)
│   [build-dependencies]
│   ├── version_check v0.1.5 (*)
│   └── yansi v0.4.0 (*)
├── rocket_contrib v0.3.17
│   ├── glob v0.2.11
│   ├── log v0.3.9 (*)
│   ├── rocket v0.3.17 (*)
│   ├── serde v1.0.79 (*)
│   ├── serde_json v1.0.32 (*)
│   └── tera v0.10.10
│       ├── chrono v0.4.6 (*)
│       ├── error-chain v0.10.0
│       │   └── backtrace v0.3.9 (*)
│       ├── glob v0.2.11 (*)
│       ├── humansize v1.1.0
│       ├── lazy_static v0.2.11 (*)
│       ├── pest v0.4.1
│       ├── regex v0.2.11 (*)
│       ├── serde v1.0.79 (*)
│       ├── serde_json v1.0.32 (*)
│       ├── slug v0.1.4
│       │   └── deunicode v0.4.3
│       └── url v1.7.1 (*)
├── rocket_i18n v0.1.1 (https://github.com/BaptisteGelez/rocket_i18n?rev=75a3bfd7b847324c078a355a7f101f8241a9f59b#75a3bfd7)
│   ├── gettext-rs v0.4.1
│   │   ├── gettext-sys v0.19.8
│   │   │   [build-dependencies]
│   │   │   └── cc v1.0.25 (*)
│   │   └── locale_config v0.2.2
│   │       ├── lazy_static v0.2.11 (*)
│   │       └── regex v0.2.11 (*)
│   ├── rocket v0.4.0-dev (https://github.com/SergioBenitez/Rocket?rev=55459db7732b9a240826a5c120c650f87e3372ce#55459db7)
│   │   ├── base64 v0.9.3 (*)
│   │   ├── isatty v0.1.9 (*)
│   │   ├── log v0.4.5 (*)
│   │   ├── memchr v2.1.0 (*)
│   │   ├── num_cpus v1.8.0 (*)
│   │   ├── pear v0.1.0 (http://github.com/SergioBenitez/Pear?rev=b475140#b4751403)
│   │   │   └── pear_codegen v0.1.0 (http://github.com/SergioBenitez/Pear?rev=b475140#b4751403)
│   │   │       ├── proc-macro2 v0.4.20 (*)
│   │   │       ├── quote v0.6.8 (*)
│   │   │       └── syn v0.14.9 (*)
│   │   │       [build-dependencies]
│   │   │       ├── version_check v0.1.5 (*)
│   │   │       └── yansi v0.4.0 (*)
│   │   ├── rocket_codegen_next v0.4.0-dev (https://github.com/SergioBenitez/Rocket?rev=55459db7732b9a240826a5c120c650f87e3372ce#55459db7)
│   │   │   ├── derive_utils v0.1.0 (https://github.com/SergioBenitez/derive-utils?rev=160da392#160da392)
│   │   │   │   ├── derive_utils_codegen v0.1.0 (https://github.com/SergioBenitez/derive-utils?rev=160da392#160da392)
│   │   │   │   │   ├── derive_utils_core v0.1.0 (https://github.com/SergioBenitez/derive-utils?rev=160da392#160da392)
│   │   │   │   │   │   ├── bitflags v1.0.4 (*)
│   │   │   │   │   │   ├── proc-macro2 v0.4.20 (*)
│   │   │   │   │   │   ├── quote v0.6.8 (*)
│   │   │   │   │   │   └── syn v0.14.9 (*)
│   │   │   │   │   └── quote v0.6.8 (*)
│   │   │   │   └── derive_utils_core v0.1.0 (https://github.com/SergioBenitez/derive-utils?rev=160da392#160da392) (*)
│   │   │   ├── quote v0.6.8 (*)
│   │   │   └── rocket_http v0.4.0-dev (https://github.com/SergioBenitez/Rocket?rev=55459db7732b9a240826a5c120c650f87e3372ce#55459db7)
│   │   │       ├── cookie v0.11.0-dev (https://github.com/alexcrichton/cookie-rs?rev=f191ca50#f191ca50)
│   │   │       │   ├── base64 v0.9.3 (*)
│   │   │       │   ├── ring v0.13.2
│   │   │       │   │   ├── lazy_static v1.1.0 (*)
│   │   │       │   │   ├── libc v0.2.43 (*)
│   │   │       │   │   └── untrusted v0.6.2
│   │   │       │   │   [build-dependencies]
│   │   │       │   │   └── cc v1.0.25 (*)
│   │   │       │   ├── time v0.1.40 (*)
│   │   │       │   └── url v1.7.1 (*)
│   │   │       ├── hyper v0.10.13 (*)
│   │   │       ├── indexmap v1.0.1
│   │   │       ├── pear v0.1.0 (http://github.com/SergioBenitez/Pear?rev=b475140#b4751403) (*)
│   │   │       ├── percent-encoding v1.0.1 (*)
│   │   │       ├── smallvec v0.6.5 (*)
│   │   │       ├── state v0.4.1 (*)
│   │   │       └── time v0.1.40 (*)
│   │   ├── rocket_http v0.4.0-dev (https://github.com/SergioBenitez/Rocket?rev=55459db7732b9a240826a5c120c650f87e3372ce#55459db7) (*)
│   │   ├── state v0.4.1 (*)
│   │   ├── time v0.1.40 (*)
│   │   ├── toml v0.4.8 (*)
│   │   └── yansi v0.4.0 (*)
│   │   [build-dependencies]
│   │   ├── version_check v0.1.5 (*)
│   │   └── yansi v0.4.0 (*)
│   ├── serde_json v1.0.32 (*)
│   └── tera v0.11.17
│       ├── chrono v0.4.6 (*)
│       ├── error-chain v0.12.0
│       │   └── backtrace v0.3.9 (*)
│       ├── glob v0.2.11 (*)
│       ├── humansize v1.1.0 (*)
│       ├── lazy_static v1.1.0 (*)
│       ├── pest v2.0.1
│       │   └── ucd-trie v0.1.1
│       ├── pest_derive v2.0.1
│       │   ├── pest v2.0.1 (*)
│       │   └── pest_generator v2.0.0
│       │       ├── pest v2.0.1 (*)
│       │       ├── pest_meta v2.0.3
│       │       │   ├── maplit v1.0.1
│       │       │   └── pest v2.0.1 (*)
│       │       │   [build-dependencies]
│       │       │   └── sha-1 v0.7.0
│       │       │       ├── block-buffer v0.3.3
│       │       │       │   ├── arrayref v0.3.5
│       │       │       │   └── byte-tools v0.2.0 (*)
│       │       │       ├── byte-tools v0.2.0 (*)
│       │       │       ├── digest v0.7.6
│       │       │       │   └── generic-array v0.9.0 (*)
│       │       │       └── fake-simd v0.1.2
│       │       │       [dev-dependencies]
│       │       │       └── digest v0.7.6 (*)
│       │       ├── proc-macro2 v0.4.20 (*)
│       │       ├── quote v0.6.8 (*)
│       │       └── syn v0.14.9 (*)
│       ├── regex v1.0.5
│       │   ├── aho-corasick v0.6.8 (*)
│       │   ├── memchr v2.1.0 (*)
│       │   ├── regex-syntax v0.6.2
│       │   │   └── ucd-util v0.1.1 (*)
│       │   ├── thread_local v0.3.6 (*)
│       │   └── utf8-ranges v1.0.1 (*)
│       ├── serde v1.0.79 (*)
│       ├── serde_json v1.0.32 (*)
│       ├── slug v0.1.4 (*)
│       ├── unic-segment v0.7.0
│       │   └── unic-ucd-segment v0.7.0
│       │       ├── unic-char-property v0.7.0
│       │       │   └── unic-char-range v0.7.0
│       │       ├── unic-char-range v0.7.0 (*)
│       │       └── unic-ucd-version v0.7.0
│       │           └── unic-common v0.7.0
│       └── url v1.7.1 (*)
├── serde v1.0.79 (*)
├── serde_derive v1.0.79 (*)
├── simple-logging v2.0.1
│   ├── lazy_static v1.1.0 (*)
│   ├── log v0.4.5 (*)
│   └── thread-id v3.3.0
│       └── libc v0.2.43 (*)
├── tera v0.11.17 (*)
├── url v1.7.1 (*)
├── url_serde v0.2.0
│   ├── serde v1.0.79 (*)
│   └── url v1.7.1 (*)
├── uuid v0.6.5 (*)
└── yaml-rust v0.3.5 (*)
